<?xml version="1.0" encoding="UTF-8"?>
<!--
  Licensed to the Apache Software Foundation (ASF) under one
  or more contributor license agreements.  See the NOTICE file
  distributed with this work for additional information
  regarding copyright ownership.  The ASF licenses this file
  to you under the Apache License, Version 2.0 (the
  "License"); you may not use this file except in compliance
  with the License.  You may obtain a copy of the License at

    http://www.apache.org/licenses/LICENSE-2.0

  Unless required by applicable law or agreed to in writing,
  software distributed under the License is distributed on an
  "AS IS" BASIS, WITHOUT WARRANTIES OR CONDITIONS OF ANY
  KIND, either express or implied.  See the License for the
  specific language governing permissions and limitations
  under the License.
  -->
<beans xmlns="http://www.springframework.org/schema/beans"
       xmlns:xsi="http://www.w3.org/2001/XMLSchema-instance"
       xmlns:mongo="http://www.springframework.org/schema/data/mongo"
       xsi:schemaLocation="http://www.springframework.org/schema/beans
                           http://www.springframework.org/schema/beans/spring-beans.xsd
                           http://www.springframework.org/schema/data/mongo
                           http://www.springframework.org/schema/data/mongo/spring-mongo.xsd">

    <mongo:db-factory id="mongoFactory"
                      mongo-ref="mongo"
                      dbname="${mongo.database}"
                      username="${mongo.username}"
                      password="${mongo.password}"/>

    <mongo:mongo id="mongo" host="${mongo.host}" port="${mongo.port}" >
        <mongo:options
                connections-per-host="${mongo.connectionsPerHost}"
                threads-allowed-to-block-for-connection-multiplier="${mongo.threadsAllowedToBlockForConnectionMultiplier}"
                connect-timeout="${mongo.connectTimeout}"
                max-wait-time="${mongo.maxWaitTime}"
                auto-connect-retry="${mongo.autoConnectRetry}"
                socket-keep-alive="${mongo.socketKeepAlive}"
                socket-timeout="${mongo.socketTimeout}"
                slave-ok="${mongo.slaveOk}"
                write-number="1"
                write-timeout="0"
                write-fsync="true"/>
    </mongo:mongo>

    <bean id="mongoTemplate" class="org.springframework.data.mongodb.core.MongoTemplate">
        <constructor-arg name="mongoDbFactory" ref="mongoFactory"/>
    </bean>


    <bean id="dataImporter" class="org.apache.rave.portal.util.data.DataImporter">
        <property name="modelClass" value="org.apache.rave.portal.util.data.ModelWrapper" />
        <property name="dataExecutor">
            <bean class="org.apache.rave.portal.util.data.ModelWrapperDataExecutor" />
        </property>
        <property name="scriptLocations">
            <list>
                <value>classpath:initial-data.json</value>
            </list>
        </property>
    </bean>
</beans>